<?xml version="1.0" encoding="UTF-8"?>
<!-- Generated by org.testng.reporters.JUnitReportReporter -->
<testsuite skipped="42" hostname="comp-Lenovo-V110-15ISK" name="org.com.automation.practise.AllNewLogics" tests="43" failures="0" timestamp="2021-01-14T00:09:22 IST" time="21.000" errors="1">
  <testcase name="waitConditionFailed" time="21.000" classname="org.com.automation.practise.AllNewLogics">
    <error type="org.openqa.selenium.NoSuchElementException" message="no such element: Unable to locate element: {&quot;method&quot;:&quot;class name&quot;,&quot;selector&quot;:&quot;test&quot;}
  (Session info: chrome=85.0.4183.121)
  (Driver info: chromedriver=2.38.552522 (437e6fbedfa8762dec75e2c5b3ddb86763dc9dcb),platform=Linux 5.4.0-60-generic x86_64) (WARNING: The server did not provide any stacktrace information)
Command duration or timeout: 0 milliseconds
For documentation on this error, please visit: http://seleniumhq.org/exceptions/no_such_element.html
Build info: version: &#039;3.11.0&#039;, revision: &#039;e59cfb3&#039;, time: &#039;2018-03-11T20:26:55.152Z&#039;
System info: host: &#039;comp-Lenovo-V110-15ISK&#039;, ip: &#039;127.0.1.1&#039;, os.name: &#039;Linux&#039;, os.arch: &#039;amd64&#039;, os.version: &#039;5.4.0-60-generic&#039;, java.version: &#039;1.8.0_275&#039;
Driver info: org.openqa.selenium.chrome.ChromeDriver
Capabilities {acceptInsecureCerts: false, acceptSslCerts: false, applicationCacheEnabled: false, browserConnectionEnabled: false, browserName: chrome, chrome: {chromedriverVersion: 2.38.552522 (437e6fbedfa876..., userDataDir: /tmp/.org.chromium.Chromium...}, cssSelectorsEnabled: true, databaseEnabled: false, handlesAlerts: true, hasTouchScreen: false, javascriptEnabled: true, locationContextEnabled: true, mobileEmulationEnabled: false, nativeEvents: true, networkConnectionEnabled: false, pageLoadStrategy: normal, platform: LINUX, platformName: LINUX, rotatable: false, setWindowRect: true, takesHeapSnapshot: true, takesScreenshot: true, unexpectedAlertBehaviour: , unhandledPromptBehavior: , version: 85.0.4183.121, webStorageEnabled: true}
Session ID: f3fc66588925e8b08a53bd5a3ef0f1ed
*** Element info: {Using=class name, value=test}">
      <![CDATA[org.openqa.selenium.NoSuchElementException: no such element: Unable to locate element: {"method":"class name","selector":"test"}
  (Session info: chrome=85.0.4183.121)
  (Driver info: chromedriver=2.38.552522 (437e6fbedfa8762dec75e2c5b3ddb86763dc9dcb),platform=Linux 5.4.0-60-generic x86_64) (WARNING: The server did not provide any stacktrace information)
Command duration or timeout: 0 milliseconds
For documentation on this error, please visit: http://seleniumhq.org/exceptions/no_such_element.html
Build info: version: '3.11.0', revision: 'e59cfb3', time: '2018-03-11T20:26:55.152Z'
System info: host: 'comp-Lenovo-V110-15ISK', ip: '127.0.1.1', os.name: 'Linux', os.arch: 'amd64', os.version: '5.4.0-60-generic', java.version: '1.8.0_275'
Driver info: org.openqa.selenium.chrome.ChromeDriver
Capabilities {acceptInsecureCerts: false, acceptSslCerts: false, applicationCacheEnabled: false, browserConnectionEnabled: false, browserName: chrome, chrome: {chromedriverVersion: 2.38.552522 (437e6fbedfa876..., userDataDir: /tmp/.org.chromium.Chromium...}, cssSelectorsEnabled: true, databaseEnabled: false, handlesAlerts: true, hasTouchScreen: false, javascriptEnabled: true, locationContextEnabled: true, mobileEmulationEnabled: false, nativeEvents: true, networkConnectionEnabled: false, pageLoadStrategy: normal, platform: LINUX, platformName: LINUX, rotatable: false, setWindowRect: true, takesHeapSnapshot: true, takesScreenshot: true, unexpectedAlertBehaviour: , unhandledPromptBehavior: , version: 85.0.4183.121, webStorageEnabled: true}
Session ID: f3fc66588925e8b08a53bd5a3ef0f1ed
*** Element info: {Using=class name, value=test}
at sun.reflect.NativeConstructorAccessorImpl.newInstance0(Native Method)
at sun.reflect.NativeConstructorAccessorImpl.newInstance(NativeConstructorAccessorImpl.java:62)
at sun.reflect.DelegatingConstructorAccessorImpl.newInstance(DelegatingConstructorAccessorImpl.java:45)
at java.lang.reflect.Constructor.newInstance(Constructor.java:423)
at org.openqa.selenium.remote.ErrorHandler.createThrowable(ErrorHandler.java:214)
at org.openqa.selenium.remote.ErrorHandler.throwIfResponseFailed(ErrorHandler.java:166)
at org.openqa.selenium.remote.http.JsonHttpResponseCodec.reconstructValue(JsonHttpResponseCodec.java:40)
at org.openqa.selenium.remote.http.AbstractHttpResponseCodec.decode(AbstractHttpResponseCodec.java:80)
at org.openqa.selenium.remote.http.AbstractHttpResponseCodec.decode(AbstractHttpResponseCodec.java:44)
at org.openqa.selenium.remote.HttpCommandExecutor.execute(HttpCommandExecutor.java:158)
at org.openqa.selenium.remote.service.DriverCommandExecutor.execute(DriverCommandExecutor.java:83)
at org.openqa.selenium.remote.RemoteWebDriver.execute(RemoteWebDriver.java:545)
at org.openqa.selenium.remote.RemoteWebDriver.findElement(RemoteWebDriver.java:319)
at org.openqa.selenium.remote.RemoteWebDriver.findElementByClassName(RemoteWebDriver.java:405)
at org.openqa.selenium.By$ByClassName.findElement(By.java:391)
at org.openqa.selenium.remote.RemoteWebDriver.findElement(RemoteWebDriver.java:311)
at org.com.automation.practise.AllNewLogics.waitConditionFailed(AllNewLogics.java:1344)
at sun.reflect.NativeMethodAccessorImpl.invoke0(Native Method)
at sun.reflect.NativeMethodAccessorImpl.invoke(NativeMethodAccessorImpl.java:62)
at sun.reflect.DelegatingMethodAccessorImpl.invoke(DelegatingMethodAccessorImpl.java:43)
at java.lang.reflect.Method.invoke(Method.java:498)
at org.testng.internal.MethodInvocationHelper.invokeMethod(MethodInvocationHelper.java:135)
at org.testng.internal.TestInvoker.invokeMethod(TestInvoker.java:598)
at org.testng.internal.TestInvoker.invokeTestMethod(TestInvoker.java:174)
at org.testng.internal.MethodRunner.runInSequence(MethodRunner.java:46)
at org.testng.internal.TestInvoker$MethodInvocationAgent.invoke(TestInvoker.java:821)
at org.testng.internal.TestInvoker.invokeTestMethods(TestInvoker.java:147)
at org.testng.internal.TestMethodWorker.invokeTestMethods(TestMethodWorker.java:146)
at org.testng.internal.TestMethodWorker.run(TestMethodWorker.java:128)
at java.util.ArrayList.forEach(ArrayList.java:1259)
at org.testng.TestRunner.privateRun(TestRunner.java:767)
at org.testng.TestRunner.run(TestRunner.java:588)
at org.testng.SuiteRunner.runTest(SuiteRunner.java:384)
at org.testng.SuiteRunner.runSequentially(SuiteRunner.java:378)
at org.testng.SuiteRunner.privateRun(SuiteRunner.java:337)
at org.testng.SuiteRunner.run(SuiteRunner.java:286)
at org.testng.SuiteRunnerWorker.runSuite(SuiteRunnerWorker.java:53)
at org.testng.SuiteRunnerWorker.run(SuiteRunnerWorker.java:96)
at org.testng.TestNG.runSuitesSequentially(TestNG.java:1214)
at org.testng.TestNG.runSuitesLocally(TestNG.java:1136)
at org.testng.TestNG.runSuites(TestNG.java:1066)
at org.testng.TestNG.run(TestNG.java:1034)
at org.testng.remote.AbstractRemoteTestNG.run(AbstractRemoteTestNG.java:115)
at org.testng.remote.RemoteTestNG.initAndRun(RemoteTestNG.java:251)
at org.testng.remote.RemoteTestNG.main(RemoteTestNG.java:77)
]]>
    </error>
  </testcase> <!-- waitConditionFailed -->
  <system-out/>
  <testcase name="test31" classname="org.com.automation.practise.AllNewLogics">
    <skipped/>
  </testcase> <!-- test31 -->
  <system-out/>
  <testcase name="test19" classname="org.com.automation.practise.AllNewLogics">
    <skipped/>
  </testcase> <!-- test19 -->
  <system-out/>
  <testcase name="test18" classname="org.com.automation.practise.AllNewLogics">
    <skipped/>
  </testcase> <!-- test18 -->
  <system-out/>
  <testcase name="test1" classname="org.com.automation.practise.AllNewLogics">
    <skipped/>
  </testcase> <!-- test1 -->
  <system-out/>
  <testcase name="test15" classname="org.com.automation.practise.AllNewLogics">
    <skipped/>
  </testcase> <!-- test15 -->
  <system-out/>
  <testcase name="test37" classname="org.com.automation.practise.AllNewLogics">
    <skipped/>
  </testcase> <!-- test37 -->
  <system-out/>
  <testcase name="test14" classname="org.com.automation.practise.AllNewLogics">
    <skipped/>
  </testcase> <!-- test14 -->
  <system-out/>
  <testcase name="test36" classname="org.com.automation.practise.AllNewLogics">
    <skipped/>
  </testcase> <!-- test36 -->
  <system-out/>
  <testcase name="test16" classname="org.com.automation.practise.AllNewLogics">
    <skipped/>
  </testcase> <!-- test16 -->
  <system-out/>
  <testcase name="test11" classname="org.com.automation.practise.AllNewLogics">
    <skipped/>
  </testcase> <!-- test11 -->
  <system-out/>
  <testcase name="test33" classname="org.com.automation.practise.AllNewLogics">
    <skipped/>
  </testcase> <!-- test33 -->
  <system-out/>
  <testcase name="test10" classname="org.com.automation.practise.AllNewLogics">
    <skipped/>
  </testcase> <!-- test10 -->
  <system-out/>
  <testcase name="test32" classname="org.com.automation.practise.AllNewLogics">
    <skipped/>
  </testcase> <!-- test32 -->
  <system-out/>
  <testcase name="test13" classname="org.com.automation.practise.AllNewLogics">
    <skipped/>
  </testcase> <!-- test13 -->
  <system-out/>
  <testcase name="test12" classname="org.com.automation.practise.AllNewLogics">
    <skipped/>
  </testcase> <!-- test12 -->
  <system-out/>
  <testcase name="test34" classname="org.com.automation.practise.AllNewLogics">
    <skipped/>
  </testcase> <!-- test34 -->
  <system-out/>
  <testcase name="test30" classname="org.com.automation.practise.AllNewLogics">
    <skipped/>
  </testcase> <!-- test30 -->
  <system-out/>
  <testcase name="getDate" classname="org.com.automation.practise.AllNewLogics">
    <skipped/>
  </testcase> <!-- getDate -->
  <system-out/>
  <testcase name="test17" classname="org.com.automation.practise.AllNewLogics">
    <skipped/>
  </testcase> <!-- test17 -->
  <system-out/>
  <testcase name="test39" classname="org.com.automation.practise.AllNewLogics">
    <skipped/>
  </testcase> <!-- test39 -->
  <system-out/>
  <testcase name="test20" classname="org.com.automation.practise.AllNewLogics">
    <skipped/>
  </testcase> <!-- test20 -->
  <system-out/>
  <testcase name="test42" classname="org.com.automation.practise.AllNewLogics">
    <skipped/>
  </testcase> <!-- test42 -->
  <system-out/>
  <testcase name="test29" classname="org.com.automation.practise.AllNewLogics">
    <skipped/>
  </testcase> <!-- test29 -->
  <system-out/>
  <testcase name="test26" classname="org.com.automation.practise.AllNewLogics">
    <skipped/>
  </testcase> <!-- test26 -->
  <system-out/>
  <testcase name="test25" classname="org.com.automation.practise.AllNewLogics">
    <skipped/>
  </testcase> <!-- test25 -->
  <system-out/>
  <testcase name="test27" classname="org.com.automation.practise.AllNewLogics">
    <skipped/>
  </testcase> <!-- test27 -->
  <system-out/>
  <testcase name="test22" classname="org.com.automation.practise.AllNewLogics">
    <skipped/>
  </testcase> <!-- test22 -->
  <system-out/>
  <testcase name="test21" classname="org.com.automation.practise.AllNewLogics">
    <skipped/>
  </testcase> <!-- test21 -->
  <system-out/>
  <testcase name="test23" classname="org.com.automation.practise.AllNewLogics">
    <skipped/>
  </testcase> <!-- test23 -->
  <system-out/>
  <testcase name="test40" classname="org.com.automation.practise.AllNewLogics">
    <skipped/>
  </testcase> <!-- test40 -->
  <system-out/>
  <testcase name="make_get_request" classname="org.com.automation.practise.AllNewLogics">
    <skipped/>
  </testcase> <!-- make_get_request -->
  <system-out/>
  <testcase name="test41" classname="org.com.automation.practise.AllNewLogics">
    <skipped/>
  </testcase> <!-- test41 -->
  <system-out/>
  <testcase name="gmtDate" classname="org.com.automation.practise.AllNewLogics">
    <skipped/>
  </testcase> <!-- gmtDate -->
  <system-out/>
  <testcase name="test2" classname="org.com.automation.practise.AllNewLogics">
    <skipped/>
  </testcase> <!-- test2 -->
  <system-out/>
  <testcase name="test3" classname="org.com.automation.practise.AllNewLogics">
    <skipped/>
  </testcase> <!-- test3 -->
  <system-out/>
  <testcase name="test4" classname="org.com.automation.practise.AllNewLogics">
    <skipped/>
  </testcase> <!-- test4 -->
  <system-out/>
  <testcase name="test28" classname="org.com.automation.practise.AllNewLogics">
    <skipped/>
  </testcase> <!-- test28 -->
  <system-out/>
  <testcase name="test5" classname="org.com.automation.practise.AllNewLogics">
    <skipped/>
  </testcase> <!-- test5 -->
  <system-out/>
  <testcase name="test6" classname="org.com.automation.practise.AllNewLogics">
    <skipped/>
  </testcase> <!-- test6 -->
  <system-out/>
  <testcase name="test7" classname="org.com.automation.practise.AllNewLogics">
    <skipped/>
  </testcase> <!-- test7 -->
  <system-out/>
  <testcase name="test8" classname="org.com.automation.practise.AllNewLogics">
    <skipped/>
  </testcase> <!-- test8 -->
  <system-out/>
  <testcase name="test9" classname="org.com.automation.practise.AllNewLogics">
    <skipped/>
  </testcase> <!-- test9 -->
  <system-out/>
</testsuite> <!-- org.com.automation.practise.AllNewLogics -->
